-------------------------------------------------------------------------------
Test set: com.cucumbumbler.app.RunCukesTest
-------------------------------------------------------------------------------
Tests run: 8, Failures: 4, Errors: 0, Skipped: 4, Time elapsed: 0.731 sec <<< FAILURE!
Given there are feature files present(Scenario: Generate a book)  Time elapsed: 0.003 sec  <<< FAILURE!
java.lang.AssertionError: There are feature files present.
	at org.junit.Assert.fail(Assert.java:88)
	at org.junit.Assert.assertTrue(Assert.java:41)
	at com.cucumbumbler.app.CucumbumblerSteps.there_are_feature_files_present(CucumbumblerSteps.java:15)
	at ✽.Given there are feature files present(com/cucumbumbler/app/Cucumbumbler.feature:11)

Scenario: Generate a book  Time elapsed: 0.003 sec  <<< FAILURE!
java.lang.AssertionError: There are feature files present.
	at org.junit.Assert.fail(Assert.java:88)
	at org.junit.Assert.assertTrue(Assert.java:41)
	at com.cucumbumbler.app.CucumbumblerSteps.there_are_feature_files_present(CucumbumblerSteps.java:15)
	at ✽.Given there are feature files present(com/cucumbumbler/app/Cucumbumbler.feature:11)

Given there are feature files present(Scenario: Run a manual test)  Time elapsed: 0 sec  <<< FAILURE!
java.lang.AssertionError: There are feature files present.
	at org.junit.Assert.fail(Assert.java:88)
	at org.junit.Assert.assertTrue(Assert.java:41)
	at com.cucumbumbler.app.CucumbumblerSteps.there_are_feature_files_present(CucumbumblerSteps.java:15)
	at ✽.Given there are feature files present(com/cucumbumbler/app/Cucumbumbler.feature:20)

Scenario: Run a manual test  Time elapsed: 0 sec  <<< FAILURE!
java.lang.AssertionError: There are feature files present.
	at org.junit.Assert.fail(Assert.java:88)
	at org.junit.Assert.assertTrue(Assert.java:41)
	at com.cucumbumbler.app.CucumbumblerSteps.there_are_feature_files_present(CucumbumblerSteps.java:15)
	at ✽.Given there are feature files present(com/cucumbumbler/app/Cucumbumbler.feature:20)

