<?xml version="1.0" encoding="UTF-8" ?>
<testsuite failures="0" time="0.609" errors="0" skipped="3" tests="9" name="com.cucumbumbler.app.RunCukesTest">
  <properties>
[...]
</properties>
  <testcase time="0" classname="Scenario: Generate a book" name="Given there are feature files present in &quot;/tmp/cucumbumbler/features/&quot;;"/>
  <testcase time="0" classname="Scenario: Generate a book" name="When I run &quot;make a book&quot;"/>
  <testcase time="0" classname="Scenario: Generate a book" name="Then an HTML book is generated"/>
  <testcase time="0" classname="Scenario: Generate a book" name="Scenario: Generate a book"/>
  <testcase time="0" classname="Scenario: Run a manual test" name="Given there are feature files present in &quot;/tmp/cucumbumbler/features/&quot;;"/>
  <testcase time="0.004" classname="Scenario: Run a manual test" name="When I run &quot;manual testing&quot;">
    <skipped/>
  </testcase>
  <testcase time="0.004" classname="Scenario: Run a manual test" name="Then Cucumbumbler interacts with a human to manually run tests">
    <skipped/>
  </testcase>
  <testcase time="0.005" classname="Scenario: Run a manual test" name="Scenario: Run a manual test">
    <skipped/>
  </testcase>
  <testcase time="0.005" classname="Scenario: Run a manual test" name="Scenario: Run a manual test"/>
</testsuite>