<?xml version="1.0" encoding="UTF-8" ?>
<testsuite failures="4" time="0.731" errors="0" skipped="4" tests="8" name="com.cucumbumbler.app.RunCukesTest">
  <properties>
[...]
</properties>
  <testcase time="0.003" classname="Scenario: Generate a book" name="Given there are feature files present">
    <failure message="There are feature files present." type="java.lang.AssertionError">java.lang.AssertionError: There are feature files present.
	at org.junit.Assert.fail(Assert.java:88)
	at org.junit.Assert.assertTrue(Assert.java:41)
	at com.cucumbumbler.app.CucumbumblerSteps.there_are_feature_files_present(CucumbumblerSteps.java:15)
	at ✽.Given there are feature files present(com/cucumbumbler/app/Cucumbumbler.feature:11)
</failure>
    <system-out>@SLTests run: 1, Failures: 0, Errors: 0, Skipped: 0, Time elapsed: 0.06 sec
@SLRunning com.cucumbumbler.app.RunCukesTest
Feature: Cucumbumbler main functionality
  In order to create a single source-of-truth about my product
  As a system developing a product
  I want to manage all my quadrant tests
</system-out>
  </testcase>
  <testcase time="0.003" classname="Scenario: Generate a book" name="Scenario: Generate a book">
    <failure message="There are feature files present." type="java.lang.AssertionError">java.lang.AssertionError: There are feature files present.
	at org.junit.Assert.fail(Assert.java:88)
	at org.junit.Assert.assertTrue(Assert.java:41)
	at com.cucumbumbler.app.CucumbumblerSteps.there_are_feature_files_present(CucumbumblerSteps.java:15)
	at ✽.Given there are feature files present(com/cucumbumbler/app/Cucumbumbler.feature:11)
</failure>
  </testcase>
  <testcase time="0.006" classname="Scenario: Generate a book" name="When I run &quot;make a book&quot;">
    <skipped/>
  </testcase>
  <testcase time="0.007" classname="Scenario: Generate a book" name="Then an HTML book is generated that has test results">
    <skipped/>
  </testcase>
  <testcase time="0" classname="Scenario: Run a manual test" name="Given there are feature files present">
    <failure message="There are feature files present." type="java.lang.AssertionError">java.lang.AssertionError: There are feature files present.
	at org.junit.Assert.fail(Assert.java:88)
	at org.junit.Assert.assertTrue(Assert.java:41)
	at com.cucumbumbler.app.CucumbumblerSteps.there_are_feature_files_present(CucumbumblerSteps.java:15)
	at ✽.Given there are feature files present(com/cucumbumbler/app/Cucumbumbler.feature:20)
</failure>
    <system-out>
  Scenario: Generate a book                              &amp;#27;[90m# com/cucumbumbler/app/Cucumbumbler.feature:6&amp;#27;[0m
    As a process implementing software (or hardware) in any industry
    I&apos;d like to organize a single source-of-truth in a &quot;book&quot; format using executable specifications
    So that I have a single, transparent, reference to the software endeavor

    &amp;#27;[31mGiven &amp;#27;[0m&amp;#27;[31mthere are feature files present&amp;#27;[0m                &amp;#27;[90m# CucumbumblerSteps.there_are_feature_files_present()&amp;#27;[0m
      &amp;#27;[31mjava.lang.AssertionError: There are feature files present.
      	at org.junit.Assert.fail(Assert.java:88)
      	at org.junit.Assert.assertTrue(Assert.java:41)
      	at com.cucumbumbler.app.CucumbumblerSteps.there_are_feature_files_present(CucumbumblerSteps.java:15)
      	at ✽.Given there are feature files present(com/cucumbumbler/app/Cucumbumbler.feature:11)
      &amp;#27;[0m
    &amp;#27;[36mWhen &amp;#27;[0m&amp;#27;[36mI run &quot;&amp;#27;[0m&amp;#27;[36m&amp;#27;[1mmake a book&amp;#27;[0m&amp;#27;[36m&quot;&amp;#27;[0m                             &amp;#27;[90m# CucumbumblerSteps.i_run(String)&amp;#27;[0m
    &amp;#27;[36mThen &amp;#27;[0m&amp;#27;[36man HTML book is generated that has test results&amp;#27;[0m &amp;#27;[90m# CucumbumblerSteps.an_HTML_book_is_generated_that_has_test_results()&amp;#27;[0m
</system-out>
  </testcase>
  <testcase time="0" classname="Scenario: Run a manual test" name="Scenario: Run a manual test">
    <failure message="There are feature files present." type="java.lang.AssertionError">java.lang.AssertionError: There are feature files present.
	at org.junit.Assert.fail(Assert.java:88)
	at org.junit.Assert.assertTrue(Assert.java:41)
	at com.cucumbumbler.app.CucumbumblerSteps.there_are_feature_files_present(CucumbumblerSteps.java:15)
	at ✽.Given there are feature files present(com/cucumbumbler/app/Cucumbumbler.feature:20)
</failure>
  </testcase>
  <testcase time="0.001" classname="Scenario: Run a manual test" name="When I run &quot;manual testing&quot;">
    <skipped/>
  </testcase>
  <testcase time="0.003" classname="Scenario: Run a manual test" name="Then Cucumbumbler interacts with a human to manually run tests">
    <skipped/>
  </testcase>
</testsuite>