<?xml version="1.0" encoding="UTF-8" ?>
<testsuite failures="4" time="0.731" errors="0" skipped="4" tests="8" name="com.cucumbumbler.app.RunCukesTest">
  <properties>
    <property name="java.runtime.name" value="Java(TM) SE Runtime Environment"/>
    <property name="sun.boot.library.path" value="/Library/Java/JavaVirtualMachines/jdk1.7.0_10.jdk/Contents/Home/jre/lib"/>
    <property name="java.vm.version" value="23.6-b04"/>
    <property name="gopherProxySet" value="false"/>
    <property name="java.vm.vendor" value="Oracle Corporation"/>
    <property name="java.vendor.url" value="http://java.oracle.com/"/>
    <property name="path.separator" value=":"/>
    <property name="java.vm.name" value="Java HotSpot(TM) 64-Bit Server VM"/>
    <property name="file.encoding.pkg" value="sun.io"/>
    <property name="user.country" value="US"/>
    <property name="sun.java.launcher" value="SUN_STANDARD"/>
    <property name="sun.os.patch.level" value="unknown"/>
    <property name="java.vm.specification.name" value="Java Virtual Machine Specification"/>
    <property name="user.dir" value="/Users/timwalker/Documents/theagiletester/Cucumbumbler/Cucumbumbler/cucumbumbler"/>
    <property name="java.runtime.version" value="1.7.0_10-ea-b17"/>
    <property name="java.awt.graphicsenv" value="sun.awt.CGraphicsEnvironment"/>
    <property name="basedir" value="/Users/timwalker/Documents/theagiletester/Cucumbumbler/Cucumbumbler/cucumbumbler"/>
    <property name="java.endorsed.dirs" value="/Library/Java/JavaVirtualMachines/jdk1.7.0_10.jdk/Contents/Home/jre/lib/endorsed"/>
    <property name="os.arch" value="x86_64"/>
    <property name="surefire.real.class.path" value="/Users/timwalker/Documents/theagiletester/Cucumbumbler/Cucumbumbler/cucumbumbler/target/surefire/surefirebooter5241636817468773024.jar"/>
    <property name="java.io.tmpdir" value="/var/folders/gf/df3dwv695xv6tn_jk3bk8dvw0000gn/T/"/>
    <property name="line.separator" value="
"/>
    <property name="java.vm.specification.vendor" value="Oracle Corporation"/>
    <property name="os.name" value="Mac OS X"/>
    <property name="sun.jnu.encoding" value="UTF-8"/>
    <property name="java.library.path" value="/Users/timwalker/Library/Java/Extensions:/Library/Java/Extensions:/Network/Library/Java/Extensions:/System/Library/Java/Extensions:/usr/lib/java:."/>
    <property name="surefire.test.class.path" value="/Users/timwalker/Documents/theagiletester/Cucumbumbler/Cucumbumbler/cucumbumbler/target/test-classes:/Users/timwalker/Documents/theagiletester/Cucumbumbler/Cucumbumbler/cucumbumbler/target/classes:/Users/timwalker/.m2/repository/commons-io/commons-io/1.3.2/commons-io-1.3.2.jar:/Users/timwalker/.m2/repository/info/cukes/cucumber-java/1.2.0/cucumber-java-1.2.0.jar:/Users/timwalker/.m2/repository/info/cukes/cucumber-core/1.2.0/cucumber-core-1.2.0.jar:/Users/timwalker/.m2/repository/info/cukes/cucumber-html/0.2.3/cucumber-html-0.2.3.jar:/Users/timwalker/.m2/repository/info/cukes/cucumber-jvm-deps/1.0.3/cucumber-jvm-deps-1.0.3.jar:/Users/timwalker/.m2/repository/info/cukes/gherkin/2.12.2/gherkin-2.12.2.jar:/Users/timwalker/.m2/repository/info/cukes/cucumber-junit/1.2.2/cucumber-junit-1.2.2.jar:/Users/timwalker/.m2/repository/junit/junit/4.11/junit-4.11.jar:/Users/timwalker/.m2/repository/org/hamcrest/hamcrest-core/1.3/hamcrest-core-1.3.jar:"/>
    <property name="java.specification.name" value="Java Platform API Specification"/>
    <property name="java.class.version" value="51.0"/>
    <property name="sun.management.compiler" value="HotSpot 64-Bit Tiered Compilers"/>
    <property name="os.version" value="10.8.2"/>
    <property name="http.nonProxyHosts" value="local|*.local|169.254/16|*.169.254/16"/>
    <property name="user.home" value="/Users/timwalker"/>
    <property name="user.timezone" value="America/Denver"/>
    <property name="java.awt.printerjob" value="sun.lwawt.macosx.CPrinterJob"/>
    <property name="java.specification.version" value="1.7"/>
    <property name="file.encoding" value="UTF-8"/>
    <property name="user.name" value="timwalker"/>
    <property name="java.class.path" value="/Users/timwalker/Documents/theagiletester/Cucumbumbler/Cucumbumbler/cucumbumbler/target/test-classes:/Users/timwalker/Documents/theagiletester/Cucumbumbler/Cucumbumbler/cucumbumbler/target/classes:/Users/timwalker/.m2/repository/commons-io/commons-io/1.3.2/commons-io-1.3.2.jar:/Users/timwalker/.m2/repository/info/cukes/cucumber-java/1.2.0/cucumber-java-1.2.0.jar:/Users/timwalker/.m2/repository/info/cukes/cucumber-core/1.2.0/cucumber-core-1.2.0.jar:/Users/timwalker/.m2/repository/info/cukes/cucumber-html/0.2.3/cucumber-html-0.2.3.jar:/Users/timwalker/.m2/repository/info/cukes/cucumber-jvm-deps/1.0.3/cucumber-jvm-deps-1.0.3.jar:/Users/timwalker/.m2/repository/info/cukes/gherkin/2.12.2/gherkin-2.12.2.jar:/Users/timwalker/.m2/repository/info/cukes/cucumber-junit/1.2.2/cucumber-junit-1.2.2.jar:/Users/timwalker/.m2/repository/junit/junit/4.11/junit-4.11.jar:/Users/timwalker/.m2/repository/org/hamcrest/hamcrest-core/1.3/hamcrest-core-1.3.jar:"/>
    <property name="java.vm.specification.version" value="1.7"/>
    <property name="sun.arch.data.model" value="64"/>
    <property name="java.home" value="/Library/Java/JavaVirtualMachines/jdk1.7.0_10.jdk/Contents/Home/jre"/>
    <property name="sun.java.command" value="/Users/timwalker/Documents/theagiletester/Cucumbumbler/Cucumbumbler/cucumbumbler/target/surefire/surefirebooter5241636817468773024.jar /Users/timwalker/Documents/theagiletester/Cucumbumbler/Cucumbumbler/cucumbumbler/target/surefire/surefire4980090374047147340tmp /Users/timwalker/Documents/theagiletester/Cucumbumbler/Cucumbumbler/cucumbumbler/target/surefire/surefire8689560948604815602tmp"/>
    <property name="java.specification.vendor" value="Oracle Corporation"/>
    <property name="user.language" value="en"/>
    <property name="awt.toolkit" value="sun.lwawt.macosx.LWCToolkit"/>
    <property name="java.vm.info" value="mixed mode"/>
    <property name="java.version" value="1.7.0_10-ea"/>
    <property name="java.ext.dirs" value="/Users/timwalker/Library/Java/Extensions:/Library/Java/JavaVirtualMachines/jdk1.7.0_10.jdk/Contents/Home/jre/lib/ext:/Library/Java/Extensions:/Network/Library/Java/Extensions:/System/Library/Java/Extensions:/usr/lib/java"/>
    <property name="sun.boot.class.path" value="/Library/Java/JavaVirtualMachines/jdk1.7.0_10.jdk/Contents/Home/jre/lib/resources.jar:/Library/Java/JavaVirtualMachines/jdk1.7.0_10.jdk/Contents/Home/jre/lib/rt.jar:/Library/Java/JavaVirtualMachines/jdk1.7.0_10.jdk/Contents/Home/jre/lib/sunrsasign.jar:/Library/Java/JavaVirtualMachines/jdk1.7.0_10.jdk/Contents/Home/jre/lib/jsse.jar:/Library/Java/JavaVirtualMachines/jdk1.7.0_10.jdk/Contents/Home/jre/lib/jce.jar:/Library/Java/JavaVirtualMachines/jdk1.7.0_10.jdk/Contents/Home/jre/lib/charsets.jar:/Library/Java/JavaVirtualMachines/jdk1.7.0_10.jdk/Contents/Home/jre/lib/jfr.jar:/Library/Java/JavaVirtualMachines/jdk1.7.0_10.jdk/Contents/Home/jre/lib/JObjC.jar:/Library/Java/JavaVirtualMachines/jdk1.7.0_10.jdk/Contents/Home/jre/classes"/>
    <property name="java.vendor" value="Oracle Corporation"/>
    <property name="localRepository" value="/Users/timwalker/.m2/repository"/>
    <property name="file.separator" value="/"/>
    <property name="java.vendor.url.bug" value="http://bugreport.sun.com/bugreport/"/>
    <property name="sun.cpu.endian" value="little"/>
    <property name="sun.io.unicode.encoding" value="UnicodeBig"/>
    <property name="socksNonProxyHosts" value="local|*.local|169.254/16|*.169.254/16"/>
    <property name="ftp.nonProxyHosts" value="local|*.local|169.254/16|*.169.254/16"/>
    <property name="sun.cpu.isalist" value=""/>
  </properties>
  <testcase time="0.003" classname="Scenario: Generate a book" name="Given there are feature files present">
    <failure message="There are feature files present." type="java.lang.AssertionError">java.lang.AssertionError: There are feature files present.
	at org.junit.Assert.fail(Assert.java:88)
	at org.junit.Assert.assertTrue(Assert.java:41)
	at com.cucumbumbler.app.CucumbumblerSteps.there_are_feature_files_present(CucumbumblerSteps.java:15)
	at ✽.Given there are feature files present(com/cucumbumbler/app/Cucumbumbler.feature:11)
</failure>
    <system-out>@SLTests run: 1, Failures: 0, Errors: 0, Skipped: 0, Time elapsed: 0.06 sec
@SLRunning com.cucumbumbler.app.RunCukesTest
Feature: Cucumbumbler main functionality
  In order to create a single source-of-truth about my product
  As a system developing a product
  I want to manage all my quadrant tests
</system-out>
  </testcase>
  <testcase time="0.003" classname="Scenario: Generate a book" name="Scenario: Generate a book">
    <failure message="There are feature files present." type="java.lang.AssertionError">java.lang.AssertionError: There are feature files present.
	at org.junit.Assert.fail(Assert.java:88)
	at org.junit.Assert.assertTrue(Assert.java:41)
	at com.cucumbumbler.app.CucumbumblerSteps.there_are_feature_files_present(CucumbumblerSteps.java:15)
	at ✽.Given there are feature files present(com/cucumbumbler/app/Cucumbumbler.feature:11)
</failure>
  </testcase>
  <testcase time="0.006" classname="Scenario: Generate a book" name="When I run &quot;make a book&quot;">
    <skipped/>
  </testcase>
  <testcase time="0.007" classname="Scenario: Generate a book" name="Then an HTML book is generated that has test results">
    <skipped/>
  </testcase>
  <testcase time="0" classname="Scenario: Run a manual test" name="Given there are feature files present">
    <failure message="There are feature files present." type="java.lang.AssertionError">java.lang.AssertionError: There are feature files present.
	at org.junit.Assert.fail(Assert.java:88)
	at org.junit.Assert.assertTrue(Assert.java:41)
	at com.cucumbumbler.app.CucumbumblerSteps.there_are_feature_files_present(CucumbumblerSteps.java:15)
	at ✽.Given there are feature files present(com/cucumbumbler/app/Cucumbumbler.feature:20)
</failure>
    <system-out>
  Scenario: Generate a book                              &amp;#27;[90m# com/cucumbumbler/app/Cucumbumbler.feature:6&amp;#27;[0m
    As a process implementing software (or hardware) in any industry
    I&apos;d like to organize a single source-of-truth in a &quot;book&quot; format using executable specifications
    So that I have a single, transparent, reference to the software endeavor

    &amp;#27;[31mGiven &amp;#27;[0m&amp;#27;[31mthere are feature files present&amp;#27;[0m                &amp;#27;[90m# CucumbumblerSteps.there_are_feature_files_present()&amp;#27;[0m
      &amp;#27;[31mjava.lang.AssertionError: There are feature files present.
      	at org.junit.Assert.fail(Assert.java:88)
      	at org.junit.Assert.assertTrue(Assert.java:41)
      	at com.cucumbumbler.app.CucumbumblerSteps.there_are_feature_files_present(CucumbumblerSteps.java:15)
      	at ✽.Given there are feature files present(com/cucumbumbler/app/Cucumbumbler.feature:11)
      &amp;#27;[0m
    &amp;#27;[36mWhen &amp;#27;[0m&amp;#27;[36mI run &quot;&amp;#27;[0m&amp;#27;[36m&amp;#27;[1mmake a book&amp;#27;[0m&amp;#27;[36m&quot;&amp;#27;[0m                             &amp;#27;[90m# CucumbumblerSteps.i_run(String)&amp;#27;[0m
    &amp;#27;[36mThen &amp;#27;[0m&amp;#27;[36man HTML book is generated that has test results&amp;#27;[0m &amp;#27;[90m# CucumbumblerSteps.an_HTML_book_is_generated_that_has_test_results()&amp;#27;[0m
</system-out>
  </testcase>
  <testcase time="0" classname="Scenario: Run a manual test" name="Scenario: Run a manual test">
    <failure message="There are feature files present." type="java.lang.AssertionError">java.lang.AssertionError: There are feature files present.
	at org.junit.Assert.fail(Assert.java:88)
	at org.junit.Assert.assertTrue(Assert.java:41)
	at com.cucumbumbler.app.CucumbumblerSteps.there_are_feature_files_present(CucumbumblerSteps.java:15)
	at ✽.Given there are feature files present(com/cucumbumbler/app/Cucumbumbler.feature:20)
</failure>
  </testcase>
  <testcase time="0.001" classname="Scenario: Run a manual test" name="When I run &quot;manual testing&quot;">
    <skipped/>
  </testcase>
  <testcase time="0.003" classname="Scenario: Run a manual test" name="Then Cucumbumbler interacts with a human to manually run tests">
    <skipped/>
  </testcase>
</testsuite>